Using pre-set license
Built from '2020.2/release' branch; Version is '2020.2.1f1 (270dd8c3da1c) revision 2559448'; Using compiler version '192528614'; Build Type 'Release'
OS: 'Windows 10  (10.0.0) 64bit' Language: 'ru' Physical Memory: 8077 MB
BatchMode: 1, IsHumanControllingUs: 0, StartBugReporterOnCrash: 0, Is64bit: 1, IsPro: 0

 COMMAND LINE ARGUMENTS:
D:\_Unity\2020.2.1f1\Editor\Unity.exe
-adb2
-batchMode
-noUpm
-name
AssetImportWorker0
-projectPath
D:/_Unity/Shoot-Stack-3D
-logFile
Logs/AssetImportWorker0.log
-srvPort
51553
Successfully changed project path to: D:/_Unity/Shoot-Stack-3D
D:/_Unity/Shoot-Stack-3D
Using Asset Import Pipeline V2.
Refreshing native plugins compatible for Editor in 38.90 ms, found 1 plugins.
Preloading 0 native plugins for Editor in 0.00 ms.
Initialize engine version: 2020.2.1f1 (270dd8c3da1c)
[Subsystems] Discovering subsystems at path D:/_Unity/2020.2.1f1/Editor/Data/Resources/UnitySubsystems
[Subsystems] Discovering subsystems at path D:/_Unity/Shoot-Stack-3D/Assets
GfxDevice: creating device client; threaded=0
Direct3D:
    Version:  Direct3D 11.0 [level 11.1]
    Renderer: NVIDIA GeForce GTX 1050 (ID=0x1c8d)
    Vendor:   
    VRAM:     4021 MB
    Driver:   26.21.14.4193
Initialize mono
Mono path[0] = 'D:/_Unity/2020.2.1f1/Editor/Data/Managed'
Mono path[1] = 'D:/_Unity/2020.2.1f1/Editor/Data/MonoBleedingEdge/lib/mono/unityjit'
Mono config path = 'D:/_Unity/2020.2.1f1/Editor/Data/MonoBleedingEdge/etc'
Using monoOptions --debugger-agent=transport=dt_socket,embedding=1,server=y,suspend=n,address=127.0.0.1:56768
Begin MonoManager ReloadAssembly
Registering precompiled unity dll's ...
Register platform support module: D:/_Unity/2020.2.1f1/Editor/Data/PlaybackEngines/WindowsStandaloneSupport/UnityEditor.WindowsStandalone.Extensions.dll
Registered in 0.002033 seconds.
Native extension for WindowsStandalone target not found
Refreshing native plugins compatible for Editor in 29.15 ms, found 1 plugins.
Preloading 0 native plugins for Editor in 0.00 ms.
Invoked RoslynAnalysisRunner static constructor.
RoslynAnalysisRunner will not be running.
RoslynAnalysisRunner has terminated.
Mono: successfully reloaded assembly
- Completed reload, in  2.369 seconds
Platform modules already initialized, skipping
Registering precompiled user dll's ...
Registered in 0.005331 seconds.
Begin MonoManager ReloadAssembly
Native extension for WindowsStandalone target not found
Refreshing native plugins compatible for Editor in 0.56 ms, found 1 plugins.
Preloading 0 native plugins for Editor in 0.00 ms.
Invoked RoslynAnalysisRunner static constructor.
RoslynAnalysisRunner will not be running.
RoslynAnalysisRunner has terminated.
Mono: successfully reloaded assembly
- Completed reload, in  0.985 seconds
Platform modules already initialized, skipping
========================================================================
Worker process is ready to serve import requests
Launched and connected shader compiler UnityShaderCompiler.exe after 0.05 seconds
Refreshing native plugins compatible for Editor in 0.38 ms, found 1 plugins.
Preloading 0 native plugins for Editor in 0.00 ms.
Unloading 1221 Unused Serialized files (Serialized files now loaded: 0)
System memory in use before: 63.7 MB.
System memory in use after: 63.8 MB.

Unloading 22 unused Assets to reduce memory usage. Loaded Objects now: 1660.
Total: 2.234400 ms (FindLiveObjects: 0.177700 ms CreateObjectMapping: 0.068800 ms MarkObjects: 1.861900 ms  DeleteObjects: 0.124700 ms)

========================================================================
Received Import Request.
  path: Assets/Prefabs/Trap.prefab
  artifactKey: Guid(ad93ee6756309c54599ea7d219180164) Importer(815301076,1909f56bfc062723c751e8b465ee728b)
Start importing Assets/Prefabs/Trap.prefab using Guid(ad93ee6756309c54599ea7d219180164) Importer(815301076,1909f56bfc062723c751e8b465ee728b)  -> (artifact id: '22e068966f1ded137b2466c169989892') in 0.217045 seconds
  Import took 0.219452 seconds .

========================================================================
Received Import Request.
  Time since last request: 104.975213 seconds.
  path: Assets/Scripts/Bullet.cs
  artifactKey: Guid(b78e2c48e7a1ca04dbbba58dccf4f7cb) Importer(815301076,1909f56bfc062723c751e8b465ee728b)
Start importing Assets/Scripts/Bullet.cs using Guid(b78e2c48e7a1ca04dbbba58dccf4f7cb) Importer(815301076,1909f56bfc062723c751e8b465ee728b)  -> (artifact id: '133b30ac600c9424d3b9a785abe669b0') in 0.056565 seconds
  Import took 0.061198 seconds .

========================================================================
Received Import Request.
  Time since last request: 1.661920 seconds.
  path: Assets/Scripts/Bullet.cs
  artifactKey: Guid(b78e2c48e7a1ca04dbbba58dccf4f7cb) Importer(815301076,1909f56bfc062723c751e8b465ee728b)
Start importing Assets/Scripts/Bullet.cs using Guid(b78e2c48e7a1ca04dbbba58dccf4f7cb) Importer(815301076,1909f56bfc062723c751e8b465ee728b)  -> (artifact id: '133b30ac600c9424d3b9a785abe669b0') in 0.003872 seconds
  Import took 0.013773 seconds .

========================================================================
Received Prepare
Registering precompiled user dll's ...
Registered in 0.015503 seconds.
Begin MonoManager ReloadAssembly
Native extension for WindowsStandalone target not found
Refreshing native plugins compatible for Editor in 0.45 ms, found 1 plugins.
Preloading 0 native plugins for Editor in 0.00 ms.
Invoked RoslynAnalysisRunner static constructor.
RoslynAnalysisRunner will not be running.
RoslynAnalysisRunner has terminated.
Mono: successfully reloaded assembly
- Completed reload, in  3.251 seconds
Platform modules already initialized, skipping
Refreshing native plugins compatible for Editor in 0.44 ms, found 1 plugins.
Preloading 0 native plugins for Editor in 0.00 ms.
Unloading 1202 Unused Serialized files (Serialized files now loaded: 0)
System memory in use before: 66.0 MB.
System memory in use after: 66.1 MB.

Unloading 17 unused Assets to reduce memory usage. Loaded Objects now: 1669.
Total: 2.290500 ms (FindLiveObjects: 0.229700 ms CreateObjectMapping: 0.057900 ms MarkObjects: 1.973900 ms  DeleteObjects: 0.027400 ms)

========================================================================
Received Prepare
Registering precompiled user dll's ...
Registered in 0.006197 seconds.
Begin MonoManager ReloadAssembly
Native extension for WindowsStandalone target not found
Refreshing native plugins compatible for Editor in 0.86 ms, found 1 plugins.
Preloading 0 native plugins for Editor in 0.00 ms.
Invoked RoslynAnalysisRunner static constructor.
RoslynAnalysisRunner will not be running.
RoslynAnalysisRunner has terminated.
Mono: successfully reloaded assembly
- Completed reload, in  1.020 seconds
Platform modules already initialized, skipping
Refreshing native plugins compatible for Editor in 0.40 ms, found 1 plugins.
Preloading 0 native plugins for Editor in 0.00 ms.
Unloading 1202 Unused Serialized files (Serialized files now loaded: 0)
System memory in use before: 66.4 MB.
System memory in use after: 66.5 MB.

Unloading 17 unused Assets to reduce memory usage. Loaded Objects now: 1671.
Total: 2.184200 ms (FindLiveObjects: 0.183000 ms CreateObjectMapping: 0.057100 ms MarkObjects: 1.891400 ms  DeleteObjects: 0.050600 ms)

========================================================================
Received Import Request.
  Time since last request: 132.753125 seconds.
  path: Assets/Prefabs/Barrel.prefab
  artifactKey: Guid(ecbc5d50b00921b48844af0f9663d2f3) Importer(815301076,1909f56bfc062723c751e8b465ee728b)
Start importing Assets/Prefabs/Barrel.prefab using Guid(ecbc5d50b00921b48844af0f9663d2f3) Importer(815301076,1909f56bfc062723c751e8b465ee728b)  -> (artifact id: '9fea7cdca47add83fa5c9df0215e8aab') in 0.175796 seconds
  Import took 0.205805 seconds .

========================================================================
Received Prepare
Registering precompiled user dll's ...
Registered in 0.005650 seconds.
Begin MonoManager ReloadAssembly
Native extension for WindowsStandalone target not found
Refreshing native plugins compatible for Editor in 0.34 ms, found 1 plugins.
Preloading 0 native plugins for Editor in 0.00 ms.
Invoked RoslynAnalysisRunner static constructor.
RoslynAnalysisRunner will not be running.
RoslynAnalysisRunner has terminated.
Mono: successfully reloaded assembly
- Completed reload, in  0.987 seconds
Platform modules already initialized, skipping
Refreshing native plugins compatible for Editor in 0.42 ms, found 1 plugins.
Preloading 0 native plugins for Editor in 0.00 ms.
Unloading 1202 Unused Serialized files (Serialized files now loaded: 0)
System memory in use before: 67.1 MB.
System memory in use after: 67.2 MB.

Unloading 17 unused Assets to reduce memory usage. Loaded Objects now: 1674.
Total: 4.914700 ms (FindLiveObjects: 0.254900 ms CreateObjectMapping: 0.059300 ms MarkObjects: 4.576300 ms  DeleteObjects: 0.022600 ms)

AssetImportWorkerClient::OnTransportError - code=2 error=End of file
